23-Oct-2024 12:45:31.637 WARNING [main] org.apache.tomcat.util.digester.SetPropertiesRule.begin Match [Server/Service/Connector] failed to set property [secured] to [true]
23-Oct-2024 12:45:31.710 INFO [main] org.apache.catalina.startup.VersionLoggerListener.log Server version name:   Apache Tomcat/9.0.87
23-Oct-2024 12:45:31.710 INFO [main] org.apache.catalina.startup.VersionLoggerListener.log Server built:          Mar 11 2024 10:12:34 UTC
23-Oct-2024 12:45:31.710 INFO [main] org.apache.catalina.startup.VersionLoggerListener.log Server version number: 9.0.87.0
23-Oct-2024 12:45:31.710 INFO [main] org.apache.catalina.startup.VersionLoggerListener.log OS Name:               Mac OS X
23-Oct-2024 12:45:31.710 INFO [main] org.apache.catalina.startup.VersionLoggerListener.log OS Version:            15.0.1
23-Oct-2024 12:45:31.710 INFO [main] org.apache.catalina.startup.VersionLoggerListener.log Architecture:          x86_64
23-Oct-2024 12:45:31.711 INFO [main] org.apache.catalina.startup.VersionLoggerListener.log Java Home:             /Library/Java/JavaVirtualMachines/jdk-23.jdk/Contents/Home
23-Oct-2024 12:45:31.711 INFO [main] org.apache.catalina.startup.VersionLoggerListener.log JVM Version:           23.0.1+11-39
23-Oct-2024 12:45:31.711 INFO [main] org.apache.catalina.startup.VersionLoggerListener.log JVM Vendor:            Oracle Corporation
23-Oct-2024 12:45:31.711 INFO [main] org.apache.catalina.startup.VersionLoggerListener.log CATALINA_BASE:         /Users/gorpaseth/Downloads/oxygen-xml-web-author/tomcat
23-Oct-2024 12:45:31.711 INFO [main] org.apache.catalina.startup.VersionLoggerListener.log CATALINA_HOME:         /Users/gorpaseth/Downloads/oxygen-xml-web-author/tomcat
23-Oct-2024 12:45:31.712 INFO [main] org.apache.catalina.startup.VersionLoggerListener.log Command line argument: --add-opens=java.base/java.lang=ALL-UNNAMED
23-Oct-2024 12:45:31.712 INFO [main] org.apache.catalina.startup.VersionLoggerListener.log Command line argument: --add-opens=java.base/java.net=ALL-UNNAMED
23-Oct-2024 12:45:31.713 INFO [main] org.apache.catalina.startup.VersionLoggerListener.log Command line argument: --add-opens=java.base/java.lang=ALL-UNNAMED
23-Oct-2024 12:45:31.713 INFO [main] org.apache.catalina.startup.VersionLoggerListener.log Command line argument: --add-opens=java.base/java.io=ALL-UNNAMED
23-Oct-2024 12:45:31.713 INFO [main] org.apache.catalina.startup.VersionLoggerListener.log Command line argument: --add-opens=java.base/java.util=ALL-UNNAMED
23-Oct-2024 12:45:31.713 INFO [main] org.apache.catalina.startup.VersionLoggerListener.log Command line argument: --add-opens=java.base/java.util.concurrent=ALL-UNNAMED
23-Oct-2024 12:45:31.713 INFO [main] org.apache.catalina.startup.VersionLoggerListener.log Command line argument: --add-opens=java.rmi/sun.rmi.transport=ALL-UNNAMED
23-Oct-2024 12:45:31.713 INFO [main] org.apache.catalina.startup.VersionLoggerListener.log Command line argument: -Djava.util.logging.config.file=/Users/gorpaseth/downloads/oxygen-xml-web-author/tomcat/conf/logging.properties
23-Oct-2024 12:45:31.714 INFO [main] org.apache.catalina.startup.VersionLoggerListener.log Command line argument: -Djava.util.logging.manager=org.apache.juli.ClassLoaderLogManager
23-Oct-2024 12:45:31.714 INFO [main] org.apache.catalina.startup.VersionLoggerListener.log Command line argument: -Djdk.tls.ephemeralDHKeySize=2048
23-Oct-2024 12:45:31.714 INFO [main] org.apache.catalina.startup.VersionLoggerListener.log Command line argument: -Djava.protocol.handler.pkgs=org.apache.catalina.webresources
23-Oct-2024 12:45:31.714 INFO [main] org.apache.catalina.startup.VersionLoggerListener.log Command line argument: -Dorg.apache.catalina.security.SecurityListener.UMASK=0027
23-Oct-2024 12:45:31.714 INFO [main] org.apache.catalina.startup.VersionLoggerListener.log Command line argument: -Doxygen.data.dir=/Users/gorpaseth/downloads/oxygen-xml-web-author/tomcat/work/Catalina/localhost/oxygen-xml-web-author
23-Oct-2024 12:45:31.715 INFO [main] org.apache.catalina.startup.VersionLoggerListener.log Command line argument: -Xmx3072m
23-Oct-2024 12:45:31.715 INFO [main] org.apache.catalina.startup.VersionLoggerListener.log Command line argument: -Djava.security.manager
23-Oct-2024 12:45:31.715 INFO [main] org.apache.catalina.startup.VersionLoggerListener.log Command line argument: -Doxygen.ssl.trusted.keystore=./tomcat/conf/web-author.keystore
23-Oct-2024 12:45:31.715 INFO [main] org.apache.catalina.startup.VersionLoggerListener.log Command line argument: -Dcom.oxygenxml.webapp.product=true
23-Oct-2024 12:45:31.715 INFO [main] org.apache.catalina.startup.VersionLoggerListener.log Command line argument: -Djava.security.policy==/Users/gorpaseth/downloads/oxygen-xml-web-author/tomcat/conf/catalina.policy
23-Oct-2024 12:45:31.715 INFO [main] org.apache.catalina.startup.VersionLoggerListener.log Command line argument: -Dignore.endorsed.dirs=
23-Oct-2024 12:45:31.715 INFO [main] org.apache.catalina.startup.VersionLoggerListener.log Command line argument: -Dcatalina.base=/Users/gorpaseth/downloads/oxygen-xml-web-author/tomcat
23-Oct-2024 12:45:31.715 INFO [main] org.apache.catalina.startup.VersionLoggerListener.log Command line argument: -Dcatalina.home=/Users/gorpaseth/downloads/oxygen-xml-web-author/tomcat
23-Oct-2024 12:45:31.716 INFO [main] org.apache.catalina.startup.VersionLoggerListener.log Command line argument: -Djava.io.tmpdir=/Users/gorpaseth/downloads/oxygen-xml-web-author/tomcat/temp
23-Oct-2024 12:45:31.727 INFO [main] org.apache.catalina.core.AprLifecycleListener.lifecycleEvent The Apache Tomcat Native library which allows using OpenSSL was not found on the java.library.path: [/Users/gorpaseth/Library/Java/Extensions:/Library/Java/Extensions:/Network/Library/Java/Extensions:/System/Library/Java/Extensions:/usr/lib/java:.]
23-Oct-2024 12:45:32.017 INFO [main] org.apache.coyote.AbstractProtocol.init Initializing ProtocolHandler ["http-nio-8080"]
23-Oct-2024 12:45:32.056 INFO [main] org.apache.coyote.AbstractProtocol.init Initializing ProtocolHandler ["https-jsse-nio-8443"]
23-Oct-2024 12:45:32.216 INFO [main] org.apache.tomcat.util.net.AbstractEndpoint.logCertificate Connector [https-jsse-nio-8443], TLS virtual host [_default_], certificate type [UNDEFINED] configured from keystore [conf/web-author.keystore] using alias [tomcat] with trust store [null]
23-Oct-2024 12:45:32.218 INFO [main] org.apache.catalina.startup.Catalina.load Server initialization in [716] milliseconds
23-Oct-2024 12:45:32.236 INFO [main] org.apache.catalina.core.StandardService.startInternal Starting service [Catalina]
23-Oct-2024 12:45:32.236 INFO [main] org.apache.catalina.core.StandardEngine.startInternal Starting Servlet engine: [Apache Tomcat/9.0.87]
23-Oct-2024 12:45:32.244 INFO [main] org.apache.catalina.startup.HostConfig.deployDirectory Deploying web application directory [/Users/gorpaseth/Downloads/oxygen-xml-web-author/tomcat/webapps/license-servlet]
23-Oct-2024 12:45:32.729 INFO [main] org.apache.jasper.servlet.TldScanner.scanJars At least one JAR was scanned for TLDs yet contained no TLDs. Enable debug logging for this logger for a complete list of JARs that were scanned but no TLDs were found in them. Skipping unneeded JARs during scanning can improve startup time and JSP compilation time.
23-Oct-2024 12:45:33.276 INFO [main] org.apache.catalina.startup.HostConfig.deployDirectory Deployment of web application directory [/Users/gorpaseth/Downloads/oxygen-xml-web-author/tomcat/webapps/license-servlet] has finished in [1,032] ms
23-Oct-2024 12:45:33.277 INFO [main] org.apache.catalina.startup.HostConfig.deployDirectory Deploying web application directory [/Users/gorpaseth/Downloads/oxygen-xml-web-author/tomcat/webapps/oxygen-xml-web-author]
23-Oct-2024 12:45:37.220 INFO [main] org.apache.jasper.servlet.TldScanner.scanJars At least one JAR was scanned for TLDs yet contained no TLDs. Enable debug logging for this logger for a complete list of JARs that were scanned but no TLDs were found in them. Skipping unneeded JARs during scanning can improve startup time and JSP compilation time.
23-Oct-2024 12:45:39.760 INFO [main] org.apache.catalina.startup.HostConfig.deployDirectory Deployment of web application directory [/Users/gorpaseth/Downloads/oxygen-xml-web-author/tomcat/webapps/oxygen-xml-web-author] has finished in [6,483] ms
23-Oct-2024 12:45:39.760 INFO [main] org.apache.catalina.startup.HostConfig.deployDirectory Deploying web application directory [/Users/gorpaseth/Downloads/oxygen-xml-web-author/tomcat/webapps/ROOT]
23-Oct-2024 12:45:39.814 INFO [main] org.apache.jasper.servlet.TldScanner.scanJars At least one JAR was scanned for TLDs yet contained no TLDs. Enable debug logging for this logger for a complete list of JARs that were scanned but no TLDs were found in them. Skipping unneeded JARs during scanning can improve startup time and JSP compilation time.
23-Oct-2024 12:45:39.817 INFO [main] org.apache.catalina.startup.HostConfig.deployDirectory Deployment of web application directory [/Users/gorpaseth/Downloads/oxygen-xml-web-author/tomcat/webapps/ROOT] has finished in [57] ms
23-Oct-2024 12:45:39.821 INFO [main] org.apache.coyote.AbstractProtocol.start Starting ProtocolHandler ["http-nio-8080"]
23-Oct-2024 12:45:39.836 INFO [main] org.apache.coyote.AbstractProtocol.start Starting ProtocolHandler ["https-jsse-nio-8443"]
23-Oct-2024 12:45:39.838 INFO [main] org.apache.catalina.startup.Catalina.start Server startup in [7619] milliseconds
